<?xml version="1.0" encoding="UTF-8"?><testrun name="CursoControllerTest" project="lab_rest_server" tests="7" started="7" failures="1" errors="0" ignored="0">
  <testsuite name="br.inatel.labs.labrest.server.controller.CursoControllerTest" time="1.851" displayname="CursoControllerTest" uniqueid="[engine:junit-jupiter]/[class:br.inatel.labs.labrest.server.controller.CursoControllerTest]">
    <testcase name="dadoCursoInvalido_quandoDeleteCurso_entaoRespondeComStatusNotFound" classname="br.inatel.labs.labrest.server.controller.CursoControllerTest" time="1.578" displayname="dadoCursoInvalido_quandoDeleteCurso_entaoRespondeComStatusNotFound()" uniqueid="[engine:junit-jupiter]/[class:br.inatel.labs.labrest.server.controller.CursoControllerTest]/[method:dadoCursoInvalido_quandoDeleteCurso_entaoRespondeComStatusNotFound()]"/>
    <testcase name="dadoCursoIdValido_quandoGetCursoPeloId_entaoRespondeComCursoValido" classname="br.inatel.labs.labrest.server.controller.CursoControllerTest" time="0.091" displayname="dadoCursoIdValido_quandoGetCursoPeloId_entaoRespondeComCursoValido()" uniqueid="[engine:junit-jupiter]/[class:br.inatel.labs.labrest.server.controller.CursoControllerTest]/[method:dadoCursoIdValido_quandoGetCursoPeloId_entaoRespondeComCursoValido()]"/>
    <testcase name="dadoCursoValido_quandoDeleteCurso_entaoRespondeComStatusDeleted" classname="br.inatel.labs.labrest.server.controller.CursoControllerTest" time="0.024" displayname="dadoCursoValido_quandoDeleteCurso_entaoRespondeComStatusDeleted()" uniqueid="[engine:junit-jupiter]/[class:br.inatel.labs.labrest.server.controller.CursoControllerTest]/[method:dadoCursoValido_quandoDeleteCurso_entaoRespondeComStatusDeleted()]">
      <failure>java.lang.AssertionError: Status expected:&lt;204 NO_CONTENT&gt; but was:&lt;202 ACCEPTED&gt;&#13;
	at org.springframework.test.util.AssertionErrors.fail(AssertionErrors.java:59)&#13;
	at org.springframework.test.util.AssertionErrors.assertEquals(AssertionErrors.java:122)&#13;
	at org.springframework.test.web.reactive.server.StatusAssertions.lambda$assertStatusAndReturn$4(StatusAssertions.java:225)&#13;
	at org.springframework.test.web.reactive.server.ExchangeResult.assertWithDiagnostics(ExchangeResult.java:231)&#13;
	at org.springframework.test.web.reactive.server.StatusAssertions.assertStatusAndReturn(StatusAssertions.java:225)&#13;
	at org.springframework.test.web.reactive.server.StatusAssertions.isNoContent(StatusAssertions.java:88)&#13;
	at br.inatel.labs.labrest.server.controller.CursoControllerTest.dadoCursoValido_quandoDeleteCurso_entaoRespondeComStatusDeleted(CursoControllerTest.java:80)&#13;
	at java.base/jdk.internal.reflect.NativeMethodAccessorImpl.invoke0(Native Method)&#13;
	at java.base/jdk.internal.reflect.NativeMethodAccessorImpl.invoke(NativeMethodAccessorImpl.java:62)&#13;
	at java.base/jdk.internal.reflect.DelegatingMethodAccessorImpl.invoke(DelegatingMethodAccessorImpl.java:43)&#13;
	at java.base/java.lang.reflect.Method.invoke(Method.java:566)&#13;
	at org.junit.platform.commons.util.ReflectionUtils.invokeMethod(ReflectionUtils.java:725)&#13;
	at org.junit.jupiter.engine.execution.MethodInvocation.proceed(MethodInvocation.java:60)&#13;
	at org.junit.jupiter.engine.execution.InvocationInterceptorChain$ValidatingInvocation.proceed(InvocationInterceptorChain.java:131)&#13;
	at org.junit.jupiter.engine.extension.TimeoutExtension.intercept(TimeoutExtension.java:149)&#13;
	at org.junit.jupiter.engine.extension.TimeoutExtension.interceptTestableMethod(TimeoutExtension.java:140)&#13;
	at org.junit.jupiter.engine.extension.TimeoutExtension.interceptTestMethod(TimeoutExtension.java:84)&#13;
	at org.junit.jupiter.engine.execution.ExecutableInvoker$ReflectiveInterceptorCall.lambda$ofVoidMethod$0(ExecutableInvoker.java:115)&#13;
	at org.junit.jupiter.engine.execution.ExecutableInvoker.lambda$invoke$0(ExecutableInvoker.java:105)&#13;
	at org.junit.jupiter.engine.execution.InvocationInterceptorChain$InterceptedInvocation.proceed(InvocationInterceptorChain.java:106)&#13;
	at org.junit.jupiter.engine.execution.InvocationInterceptorChain.proceed(InvocationInterceptorChain.java:64)&#13;
	at org.junit.jupiter.engine.execution.InvocationInterceptorChain.chainAndInvoke(InvocationInterceptorChain.java:45)&#13;
	at org.junit.jupiter.engine.execution.InvocationInterceptorChain.invoke(InvocationInterceptorChain.java:37)&#13;
	at org.junit.jupiter.engine.execution.ExecutableInvoker.invoke(ExecutableInvoker.java:104)&#13;
	at org.junit.jupiter.engine.execution.ExecutableInvoker.invoke(ExecutableInvoker.java:98)&#13;
	at org.junit.jupiter.engine.descriptor.TestMethodTestDescriptor.lambda$invokeTestMethod$7(TestMethodTestDescriptor.java:214)&#13;
	at org.junit.platform.engine.support.hierarchical.ThrowableCollector.execute(ThrowableCollector.java:73)&#13;
	at org.junit.jupiter.engine.descriptor.TestMethodTestDescriptor.invokeTestMethod(TestMethodTestDescriptor.java:210)&#13;
	at org.junit.jupiter.engine.descriptor.TestMethodTestDescriptor.execute(TestMethodTestDescriptor.java:135)&#13;
	at org.junit.jupiter.engine.descriptor.TestMethodTestDescriptor.execute(TestMethodTestDescriptor.java:66)&#13;
	at org.junit.platform.engine.support.hierarchical.NodeTestTask.lambda$executeRecursively$6(NodeTestTask.java:151)&#13;
	at org.junit.platform.engine.support.hierarchical.ThrowableCollector.execute(ThrowableCollector.java:73)&#13;
	at org.junit.platform.engine.support.hierarchical.NodeTestTask.lambda$executeRecursively$8(NodeTestTask.java:141)&#13;
	at org.junit.platform.engine.support.hierarchical.Node.around(Node.java:137)&#13;
	at org.junit.platform.engine.support.hierarchical.NodeTestTask.lambda$executeRecursively$9(NodeTestTask.java:139)&#13;
	at org.junit.platform.engine.support.hierarchical.ThrowableCollector.execute(ThrowableCollector.java:73)&#13;
	at org.junit.platform.engine.support.hierarchical.NodeTestTask.executeRecursively(NodeTestTask.java:138)&#13;
	at org.junit.platform.engine.support.hierarchical.NodeTestTask.execute(NodeTestTask.java:95)&#13;
	at java.base/java.util.ArrayList.forEach(ArrayList.java:1541)&#13;
	at org.junit.platform.engine.support.hierarchical.SameThreadHierarchicalTestExecutorService.invokeAll(SameThreadHierarchicalTestExecutorService.java:41)&#13;
	at org.junit.platform.engine.support.hierarchical.NodeTestTask.lambda$executeRecursively$6(NodeTestTask.java:155)&#13;
	at org.junit.platform.engine.support.hierarchical.ThrowableCollector.execute(ThrowableCollector.java:73)&#13;
	at org.junit.platform.engine.support.hierarchical.NodeTestTask.lambda$executeRecursively$8(NodeTestTask.java:141)&#13;
	at org.junit.platform.engine.support.hierarchical.Node.around(Node.java:137)&#13;
	at org.junit.platform.engine.support.hierarchical.NodeTestTask.lambda$executeRecursively$9(NodeTestTask.java:139)&#13;
	at org.junit.platform.engine.support.hierarchical.ThrowableCollector.execute(ThrowableCollector.java:73)&#13;
	at org.junit.platform.engine.support.hierarchical.NodeTestTask.executeRecursively(NodeTestTask.java:138)&#13;
	at org.junit.platform.engine.support.hierarchical.NodeTestTask.execute(NodeTestTask.java:95)&#13;
	at java.base/java.util.ArrayList.forEach(ArrayList.java:1541)&#13;
	at org.junit.platform.engine.support.hierarchical.SameThreadHierarchicalTestExecutorService.invokeAll(SameThreadHierarchicalTestExecutorService.java:41)&#13;
	at org.junit.platform.engine.support.hierarchical.NodeTestTask.lambda$executeRecursively$6(NodeTestTask.java:155)&#13;
	at org.junit.platform.engine.support.hierarchical.ThrowableCollector.execute(ThrowableCollector.java:73)&#13;
	at org.junit.platform.engine.support.hierarchical.NodeTestTask.lambda$executeRecursively$8(NodeTestTask.java:141)&#13;
	at org.junit.platform.engine.support.hierarchical.Node.around(Node.java:137)&#13;
	at org.junit.platform.engine.support.hierarchical.NodeTestTask.lambda$executeRecursively$9(NodeTestTask.java:139)&#13;
	at org.junit.platform.engine.support.hierarchical.ThrowableCollector.execute(ThrowableCollector.java:73)&#13;
	at org.junit.platform.engine.support.hierarchical.NodeTestTask.executeRecursively(NodeTestTask.java:138)&#13;
	at org.junit.platform.engine.support.hierarchical.NodeTestTask.execute(NodeTestTask.java:95)&#13;
	at org.junit.platform.engine.support.hierarchical.SameThreadHierarchicalTestExecutorService.submit(SameThreadHierarchicalTestExecutorService.java:35)&#13;
	at org.junit.platform.engine.support.hierarchical.HierarchicalTestExecutor.execute(HierarchicalTestExecutor.java:57)&#13;
	at org.junit.platform.engine.support.hierarchical.HierarchicalTestEngine.execute(HierarchicalTestEngine.java:54)&#13;
	at org.junit.platform.launcher.core.EngineExecutionOrchestrator.execute(EngineExecutionOrchestrator.java:107)&#13;
	at org.junit.platform.launcher.core.EngineExecutionOrchestrator.execute(EngineExecutionOrchestrator.java:88)&#13;
	at org.junit.platform.launcher.core.EngineExecutionOrchestrator.lambda$execute$0(EngineExecutionOrchestrator.java:54)&#13;
	at org.junit.platform.launcher.core.EngineExecutionOrchestrator.withInterceptedStreams(EngineExecutionOrchestrator.java:67)&#13;
	at org.junit.platform.launcher.core.EngineExecutionOrchestrator.execute(EngineExecutionOrchestrator.java:52)&#13;
	at org.junit.platform.launcher.core.DefaultLauncher.execute(DefaultLauncher.java:114)&#13;
	at org.junit.platform.launcher.core.DefaultLauncher.execute(DefaultLauncher.java:95)&#13;
	at org.junit.platform.launcher.core.DefaultLauncherSession$DelegatingLauncher.execute(DefaultLauncherSession.java:91)&#13;
	at org.junit.platform.launcher.core.SessionPerRequestLauncher.execute(SessionPerRequestLauncher.java:60)&#13;
	at org.eclipse.jdt.internal.junit5.runner.JUnit5TestReference.run(JUnit5TestReference.java:98)&#13;
	at org.eclipse.jdt.internal.junit.runner.TestExecution.run(TestExecution.java:40)&#13;
	at org.eclipse.jdt.internal.junit.runner.RemoteTestRunner.runTests(RemoteTestRunner.java:529)&#13;
	at org.eclipse.jdt.internal.junit.runner.RemoteTestRunner.runTests(RemoteTestRunner.java:756)&#13;
	at org.eclipse.jdt.internal.junit.runner.RemoteTestRunner.run(RemoteTestRunner.java:452)&#13;
	at org.eclipse.jdt.internal.junit.runner.RemoteTestRunner.main(RemoteTestRunner.java:210)&#13;
&#13;
</failure>
    </testcase>
    <testcase name="dadoCursoValido_quandoPutCurso_entaoRespondeComStatusAccepted" classname="br.inatel.labs.labrest.server.controller.CursoControllerTest" time="0.039" displayname="dadoCursoValido_quandoPutCurso_entaoRespondeComStatusAccepted()" uniqueid="[engine:junit-jupiter]/[class:br.inatel.labs.labrest.server.controller.CursoControllerTest]/[method:dadoCursoValido_quandoPutCurso_entaoRespondeComStatusAccepted()]"/>
    <testcase name="dadoNovoCurso_quandoPostCurso_entaoRespondeComStatusCreatedECursoValido" classname="br.inatel.labs.labrest.server.controller.CursoControllerTest" time="0.088" displayname="dadoNovoCurso_quandoPostCurso_entaoRespondeComStatusCreatedECursoValido()" uniqueid="[engine:junit-jupiter]/[class:br.inatel.labs.labrest.server.controller.CursoControllerTest]/[method:dadoNovoCurso_quandoPostCurso_entaoRespondeComStatusCreatedECursoValido()]"/>
    <testcase name="dadoCursoIdInvalido_quandoGetCursoPeloId_entaoRespondeComNotFound" classname="br.inatel.labs.labrest.server.controller.CursoControllerTest" time="0.008" displayname="dadoCursoIdInvalido_quandoGetCursoPeloId_entaoRespondeComNotFound()" uniqueid="[engine:junit-jupiter]/[class:br.inatel.labs.labrest.server.controller.CursoControllerTest]/[method:dadoCursoIdInvalido_quandoGetCursoPeloId_entaoRespondeComNotFound()]"/>
    <testcase name="deveListarCursos" classname="br.inatel.labs.labrest.server.controller.CursoControllerTest" time="0.017" displayname="deveListarCursos()" uniqueid="[engine:junit-jupiter]/[class:br.inatel.labs.labrest.server.controller.CursoControllerTest]/[method:deveListarCursos()]"/>
  </testsuite>
</testrun>
